0 info it worked if it ends with ok
1 verbose cli [ 'node', '/usr/local/bin/npm', 'publish' ]
2 info using npm@1.3.11
3 info using node@v0.10.21
4 verbose publish [ '.' ]
5 verbose cache add [ '.', null ]
6 verbose cache add name=undefined spec="." args=[".",null]
7 verbose parsed url { protocol: null,
7 verbose parsed url   slashes: null,
7 verbose parsed url   auth: null,
7 verbose parsed url   host: null,
7 verbose parsed url   port: null,
7 verbose parsed url   hostname: null,
7 verbose parsed url   hash: null,
7 verbose parsed url   search: null,
7 verbose parsed url   query: null,
7 verbose parsed url   pathname: '.',
7 verbose parsed url   path: '.',
7 verbose parsed url   href: '.' }
8 silly lockFile 3a52ce78- .
9 verbose lock . /Users/craig/.npm/3a52ce78-.lock
10 verbose tar pack [ '/var/folders/n1/r96x64mx6jzcbzkbz1ddrw6r0000gn/T/npm-37583-bFneUQl4/1393616769974-0.17507918528281152/tmp.tgz',
10 verbose tar pack   '.' ]
11 verbose tarball /var/folders/n1/r96x64mx6jzcbzkbz1ddrw6r0000gn/T/npm-37583-bFneUQl4/1393616769974-0.17507918528281152/tmp.tgz
12 verbose folder .
13 silly lockFile 1f1177db-tar tar://.
14 verbose lock tar://. /Users/craig/.npm/1f1177db-tar.lock
15 silly lockFile 6224ec59-9974-0-17507918528281152-tmp-tgz tar:///var/folders/n1/r96x64mx6jzcbzkbz1ddrw6r0000gn/T/npm-37583-bFneUQl4/1393616769974-0.17507918528281152/tmp.tgz
16 verbose lock tar:///var/folders/n1/r96x64mx6jzcbzkbz1ddrw6r0000gn/T/npm-37583-bFneUQl4/1393616769974-0.17507918528281152/tmp.tgz /Users/craig/.npm/6224ec59-9974-0-17507918528281152-tmp-tgz.lock
17 silly lockFile 1f1177db-tar tar://.
18 silly lockFile 1f1177db-tar tar://.
19 silly lockFile 6224ec59-9974-0-17507918528281152-tmp-tgz tar:///var/folders/n1/r96x64mx6jzcbzkbz1ddrw6r0000gn/T/npm-37583-bFneUQl4/1393616769974-0.17507918528281152/tmp.tgz
20 silly lockFile 6224ec59-9974-0-17507918528281152-tmp-tgz tar:///var/folders/n1/r96x64mx6jzcbzkbz1ddrw6r0000gn/T/npm-37583-bFneUQl4/1393616769974-0.17507918528281152/tmp.tgz
21 verbose tar unpack /var/folders/n1/r96x64mx6jzcbzkbz1ddrw6r0000gn/T/npm-37583-bFneUQl4/1393616769974-0.17507918528281152/tmp.tgz
22 silly lockFile 319473ef-9974-0-17507918528281152-package tar:///var/folders/n1/r96x64mx6jzcbzkbz1ddrw6r0000gn/T/npm-37583-bFneUQl4/1393616769974-0.17507918528281152/package
23 verbose lock tar:///var/folders/n1/r96x64mx6jzcbzkbz1ddrw6r0000gn/T/npm-37583-bFneUQl4/1393616769974-0.17507918528281152/package /Users/craig/.npm/319473ef-9974-0-17507918528281152-package.lock
24 silly lockFile 6224ec59-9974-0-17507918528281152-tmp-tgz tar:///var/folders/n1/r96x64mx6jzcbzkbz1ddrw6r0000gn/T/npm-37583-bFneUQl4/1393616769974-0.17507918528281152/tmp.tgz
25 verbose lock tar:///var/folders/n1/r96x64mx6jzcbzkbz1ddrw6r0000gn/T/npm-37583-bFneUQl4/1393616769974-0.17507918528281152/tmp.tgz /Users/craig/.npm/6224ec59-9974-0-17507918528281152-tmp-tgz.lock
26 silly gunzTarPerm modes [ '755', '644' ]
27 silly gunzTarPerm extractEntry package.json
28 silly gunzTarPerm extractEntry .npmignore
29 silly gunzTarPerm extractEntry README.md
30 silly lockFile 319473ef-9974-0-17507918528281152-package tar:///var/folders/n1/r96x64mx6jzcbzkbz1ddrw6r0000gn/T/npm-37583-bFneUQl4/1393616769974-0.17507918528281152/package
31 silly lockFile 319473ef-9974-0-17507918528281152-package tar:///var/folders/n1/r96x64mx6jzcbzkbz1ddrw6r0000gn/T/npm-37583-bFneUQl4/1393616769974-0.17507918528281152/package
32 silly lockFile 6224ec59-9974-0-17507918528281152-tmp-tgz tar:///var/folders/n1/r96x64mx6jzcbzkbz1ddrw6r0000gn/T/npm-37583-bFneUQl4/1393616769974-0.17507918528281152/tmp.tgz
33 silly lockFile 6224ec59-9974-0-17507918528281152-tmp-tgz tar:///var/folders/n1/r96x64mx6jzcbzkbz1ddrw6r0000gn/T/npm-37583-bFneUQl4/1393616769974-0.17507918528281152/tmp.tgz
34 verbose tar pack [ '/Users/craig/.npm/boojs/0.0.1/package.tgz',
34 verbose tar pack   '/var/folders/n1/r96x64mx6jzcbzkbz1ddrw6r0000gn/T/npm-37583-bFneUQl4/1393616769974-0.17507918528281152/package' ]
35 verbose tarball /Users/craig/.npm/boojs/0.0.1/package.tgz
36 verbose folder /var/folders/n1/r96x64mx6jzcbzkbz1ddrw6r0000gn/T/npm-37583-bFneUQl4/1393616769974-0.17507918528281152/package
37 silly lockFile 319473ef-9974-0-17507918528281152-package tar:///var/folders/n1/r96x64mx6jzcbzkbz1ddrw6r0000gn/T/npm-37583-bFneUQl4/1393616769974-0.17507918528281152/package
38 verbose lock tar:///var/folders/n1/r96x64mx6jzcbzkbz1ddrw6r0000gn/T/npm-37583-bFneUQl4/1393616769974-0.17507918528281152/package /Users/craig/.npm/319473ef-9974-0-17507918528281152-package.lock
39 silly lockFile 36279247-raig-npm-boojs-0-0-1-package-tgz tar:///Users/craig/.npm/boojs/0.0.1/package.tgz
40 verbose lock tar:///Users/craig/.npm/boojs/0.0.1/package.tgz /Users/craig/.npm/36279247-raig-npm-boojs-0-0-1-package-tgz.lock
41 silly lockFile 319473ef-9974-0-17507918528281152-package tar:///var/folders/n1/r96x64mx6jzcbzkbz1ddrw6r0000gn/T/npm-37583-bFneUQl4/1393616769974-0.17507918528281152/package
42 silly lockFile 319473ef-9974-0-17507918528281152-package tar:///var/folders/n1/r96x64mx6jzcbzkbz1ddrw6r0000gn/T/npm-37583-bFneUQl4/1393616769974-0.17507918528281152/package
43 silly lockFile 36279247-raig-npm-boojs-0-0-1-package-tgz tar:///Users/craig/.npm/boojs/0.0.1/package.tgz
44 silly lockFile 36279247-raig-npm-boojs-0-0-1-package-tgz tar:///Users/craig/.npm/boojs/0.0.1/package.tgz
45 silly lockFile 07a07eb6-rs-craig-npm-boojs-0-0-1-package /Users/craig/.npm/boojs/0.0.1/package
46 verbose lock /Users/craig/.npm/boojs/0.0.1/package /Users/craig/.npm/07a07eb6-rs-craig-npm-boojs-0-0-1-package.lock
47 silly lockFile 07a07eb6-rs-craig-npm-boojs-0-0-1-package /Users/craig/.npm/boojs/0.0.1/package
48 silly lockFile 07a07eb6-rs-craig-npm-boojs-0-0-1-package /Users/craig/.npm/boojs/0.0.1/package
49 verbose tar unpack /Users/craig/.npm/boojs/0.0.1/package.tgz
50 silly lockFile b1a81478-rs-craig-npm-boojs-0-0-1-package tar:///Users/craig/.npm/boojs/0.0.1/package
51 verbose lock tar:///Users/craig/.npm/boojs/0.0.1/package /Users/craig/.npm/b1a81478-rs-craig-npm-boojs-0-0-1-package.lock
52 silly lockFile 36279247-raig-npm-boojs-0-0-1-package-tgz tar:///Users/craig/.npm/boojs/0.0.1/package.tgz
53 verbose lock tar:///Users/craig/.npm/boojs/0.0.1/package.tgz /Users/craig/.npm/36279247-raig-npm-boojs-0-0-1-package-tgz.lock
54 silly gunzTarPerm modes [ '755', '644' ]
55 silly gunzTarPerm extractEntry package.json
56 silly gunzTarPerm extractEntry .npmignore
57 silly gunzTarPerm extractEntry README.md
58 silly lockFile b1a81478-rs-craig-npm-boojs-0-0-1-package tar:///Users/craig/.npm/boojs/0.0.1/package
59 silly lockFile b1a81478-rs-craig-npm-boojs-0-0-1-package tar:///Users/craig/.npm/boojs/0.0.1/package
60 silly lockFile 36279247-raig-npm-boojs-0-0-1-package-tgz tar:///Users/craig/.npm/boojs/0.0.1/package.tgz
61 silly lockFile 36279247-raig-npm-boojs-0-0-1-package-tgz tar:///Users/craig/.npm/boojs/0.0.1/package.tgz
62 verbose chmod /Users/craig/.npm/boojs/0.0.1/package.tgz 644
63 verbose chown /Users/craig/.npm/boojs/0.0.1/package.tgz [ 501, 20 ]
64 silly lockFile 3a52ce78- .
65 silly lockFile 3a52ce78- .
66 silly publish { name: 'boojs',
66 silly publish   version: '0.0.1',
66 silly publish   description: 'boo.js ======',
66 silly publish   main: './lib/index.js',
66 silly publish   scripts: { test: 'echo "Error: no test specified" && exit 1' },
66 silly publish   repository: { type: 'git', url: 'git://github.com/classdojo/boo.js.git' },
66 silly publish   author: '',
66 silly publish   license: 'BSD-2-Clause',
66 silly publish   bugs: { url: 'https://github.com/classdojo/boo.js/issues' },
66 silly publish   devDependencies: { 'expect.js': '~0.2.0', mocha: '~1.16.2' },
66 silly publish   readme: 'Boo.js is a library that runs a function when a user is inactive. It\'s used in Mojo.js to warm-up views asynchronously before they\'re used.\n\n```javascript\nvar boo = require("boo");\n\n\n// run this function every N MS\nboo.interval(function () {\n  \n}, 100);\n\n\n// run this function when a user is inactive\nboo.run(function () {\n  \n});\n```',
66 silly publish   readmeFilename: 'README.md',
66 silly publish   _id: 'boojs@0.0.1',
66 silly publish   dist: { shasum: '9dd8f5f4384366b25c8c7943aba272c32581cdbe' },
66 silly publish   _from: '.' }
67 verbose url raw boojs
68 verbose url resolving [ 'http://registry.npmjs.org/', './boojs' ]
69 verbose url resolved http://registry.npmjs.org/boojs
70 info trying registry request attempt 1 at 11:46:10
71 http PUT http://registry.npmjs.org/boojs
72 http 201 http://registry.npmjs.org/boojs
73 verbose url raw boojs
74 verbose url resolving [ 'http://registry.npmjs.org/', './boojs' ]
75 verbose url resolved http://registry.npmjs.org/boojs
76 info trying registry request attempt 1 at 11:46:10
77 http GET http://registry.npmjs.org/boojs
78 http 200 http://registry.npmjs.org/boojs
79 error publish fail Cannot publish over existing version.
79 error publish fail Update the 'version' field in package.json and try again.
79 error publish fail
79 error publish fail If the previous version was published in error, see:
79 error publish fail     npm help unpublish
79 error publish fail
79 error publish fail To automatically increment version numbers, see:
79 error publish fail     npm help version
80 error System Darwin 13.0.0
81 error command "node" "/usr/local/bin/npm" "publish"
82 error cwd /Users/craig/Developer/Public/boo.js
83 error node -v v0.10.21
84 error npm -v 1.3.11
85 error code EPUBLISHCONFLICT
86 verbose exit [ 1, true ]
